<?xml version="1.0" encoding="UTF-8"?>
<testsuite xmlns:xsi="http://www.w3.org/2001/XMLSchema-instance" xsi:noNamespaceSchemaLocation="https://maven.apache.org/surefire/maven-surefire-plugin/xsd/surefire-test-report-3.0.xsd" version="3.0" name="hellocucumber.RunCucumberTest" time="0.461" tests="26" errors="0" skipped="0" failures="0">
  <properties>
[...]
</properties>
  <testcase name="Example #1" classname="Examples" time="0.098">
    <system-out><![CDATA[
Scenario Outline: Add two numbers          &amp#27;[90m# hellocucumber/addition.feature:32&amp#27;[0m
  &amp#27;[32mGiven &amp#27;[0m&amp#27;[32mA first number &amp#27;[0m&amp#27;[32m&amp#27;[1m20.5&amp#27;[0m                &amp#27;[90m# hellocucumber.StepDefinitions.a_first_number(java.lang.Double)&amp#27;[0m
  &amp#27;[32mAnd &amp#27;[0m&amp#27;[32mA second number &amp#27;[0m&amp#27;[32m&amp#27;[1m40&amp#27;[0m                   &amp#27;[90m# hellocucumber.StepDefinitions.a_second_number(java.lang.Double)&amp#27;[0m
  &amp#27;[32mWhen &amp#27;[0m&amp#27;[32mI press sum&amp#27;[0m                         &amp#27;[90m# hellocucumber.StepDefinitions.i_press_sum()&amp#27;[0m
  &amp#27;[32mThen &amp#27;[0m&amp#27;[32mthe result should be &amp#27;[0m&amp#27;[32m&amp#27;[1m60.5&amp#27;[0m&amp#27;[32m on screen&amp#27;[0m &amp#27;[90m# hellocucumber.StepDefinitions.the_result_should_be_on_screen(java.lang.Double)&amp#27;[0m
]]></system-out>
  </testcase>
  <testcase name="Example #1" classname="Examples" time="0.006">
    <system-out><![CDATA[
Scenario Outline: Two numbers divided   &amp#27;[90m# hellocucumber/division.feature:32&amp#27;[0m
  &amp#27;[32mGiven &amp#27;[0m&amp#27;[32mA first number &amp#27;[0m&amp#27;[32m&amp#27;[1m10&amp#27;[0m               &amp#27;[90m# hellocucumber.StepDefinitions.a_first_number(java.lang.Double)&amp#27;[0m
  &amp#27;[32mAnd &amp#27;[0m&amp#27;[32mA second number &amp#27;[0m&amp#27;[32m&amp#27;[1m2&amp#27;[0m                 &amp#27;[90m# hellocucumber.StepDefinitions.a_second_number(java.lang.Double)&amp#27;[0m
  &amp#27;[32mWhen &amp#27;[0m&amp#27;[32mI press division&amp#27;[0m                 &amp#27;[90m# hellocucumber.StepDefinitions.i_press_division()&amp#27;[0m
  &amp#27;[32mThen &amp#27;[0m&amp#27;[32mthe result should be &amp#27;[0m&amp#27;[32m&amp#27;[1m5&amp#27;[0m&amp#27;[32m on screen&amp#27;[0m &amp#27;[90m# hellocucumber.StepDefinitions.the_result_should_be_on_screen(java.lang.Double)&amp#27;[0m
]]></system-out>
  </testcase>
  <testcase name="Example #1" classname="Examples" time="0.007">
    <system-out><![CDATA[
Scenario: Is primo?                                           &amp#27;[90m# hellocucumber/esPrimo.feature:31&amp#27;[0m
  &amp#27;[32mGiven &amp#27;[0m&amp#27;[32mA integer number &amp#27;[0m&amp#27;[32m&amp#27;[1m0&amp#27;[0m                                    &amp#27;[90m# hellocucumber.StepDefinitions.a_integer_number(java.lang.Integer)&amp#27;[0m
  &amp#27;[32mWhen &amp#27;[0m&amp#27;[32mI press esPrimo&amp#27;[0m                                        &amp#27;[90m# hellocucumber.StepDefinitions.i_press_es_primo()&amp#27;[0m
  &amp#27;[32mThen &amp#27;[0m&amp#27;[32mthe result for the int number should be true on screen&amp#27;[0m &amp#27;[90m# hellocucumber.StepDefinitions.the_result_for_the_int_number_should_be_true_on_screen()&amp#27;[0m
]]></system-out>
  </testcase>
  <testcase name="Example #1" classname="Examples" time="0.008">
    <system-out><![CDATA[
Scenario: Factorial number              &amp#27;[90m# hellocucumber/factorial.feature:32&amp#27;[0m
  &amp#27;[32mGiven &amp#27;[0m&amp#27;[32mA integer number &amp#27;[0m&amp#27;[32m&amp#27;[1m0&amp#27;[0m              &amp#27;[90m# hellocucumber.StepDefinitions.a_integer_number(java.lang.Integer)&amp#27;[0m
  &amp#27;[32mWhen &amp#27;[0m&amp#27;[32mI press factorial&amp#27;[0m                &amp#27;[90m# hellocucumber.StepDefinitions.i_press_factorial()&amp#27;[0m
  &amp#27;[32mThen &amp#27;[0m&amp#27;[32mthe result should be &amp#27;[0m&amp#27;[32m&amp#27;[1m1&amp#27;[0m&amp#27;[32m on screen&amp#27;[0m &amp#27;[90m# hellocucumber.StepDefinitions.the_result_should_be_on_screen(java.lang.Double)&amp#27;[0m
]]></system-out>
  </testcase>
  <testcase name="Example #1" classname="Examples" time="0.008">
    <system-out><![CDATA[
Scenario Outline: Product of two numbers &amp#27;[90m# hellocucumber/product.feature:32&amp#27;[0m
  &amp#27;[32mGiven &amp#27;[0m&amp#27;[32mA first number &amp#27;[0m&amp#27;[32m&amp#27;[1m10&amp#27;[0m                &amp#27;[90m# hellocucumber.StepDefinitions.a_first_number(java.lang.Double)&amp#27;[0m
  &amp#27;[32mAnd &amp#27;[0m&amp#27;[32mA second number &amp#27;[0m&amp#27;[32m&amp#27;[1m0&amp#27;[0m                  &amp#27;[90m# hellocucumber.StepDefinitions.a_second_number(java.lang.Double)&amp#27;[0m
  &amp#27;[32mWhen &amp#27;[0m&amp#27;[32mI press product&amp#27;[0m                   &amp#27;[90m# hellocucumber.StepDefinitions.i_press_product()&amp#27;[0m
  &amp#27;[32mThen &amp#27;[0m&amp#27;[32mthe result should be &amp#27;[0m&amp#27;[32m&amp#27;[1m0&amp#27;[0m&amp#27;[32m on screen&amp#27;[0m  &amp#27;[90m# hellocucumber.StepDefinitions.the_result_should_be_on_screen(java.lang.Double)&amp#27;[0m
]]></system-out>
  </testcase>
  <testcase name="Example #1" classname="Examples" time="0.016">
    <system-out><![CDATA[
Scenario Outline: Subtract two numbers   &amp#27;[90m# hellocucumber/subtraction.feature:32&amp#27;[0m
  &amp#27;[32mGiven &amp#27;[0m&amp#27;[32mA first number &amp#27;[0m&amp#27;[32m&amp#27;[1m10&amp#27;[0m                &amp#27;[90m# hellocucumber.StepDefinitions.a_first_number(java.lang.Double)&amp#27;[0m
  &amp#27;[32mAnd &amp#27;[0m&amp#27;[32mA second number &amp#27;[0m&amp#27;[32m&amp#27;[1m0&amp#27;[0m                  &amp#27;[90m# hellocucumber.StepDefinitions.a_second_number(java.lang.Double)&amp#27;[0m
  &amp#27;[32mWhen &amp#27;[0m&amp#27;[32mI press minus&amp#27;[0m                     &amp#27;[90m# hellocucumber.StepDefinitions.i_press_minus()&amp#27;[0m
  &amp#27;[32mThen &amp#27;[0m&amp#27;[32mthe result should be &amp#27;[0m&amp#27;[32m&amp#27;[1m10&amp#27;[0m&amp#27;[32m on screen&amp#27;[0m &amp#27;[90m# hellocucumber.StepDefinitions.the_result_should_be_on_screen(java.lang.Double)&amp#27;[0m
]]></system-out>
  </testcase>
  <testcase name="Example #2" classname="Examples" time="0.011">
    <system-out><![CDATA[
Scenario Outline: Add two numbers          &amp#27;[90m# hellocucumber/addition.feature:33&amp#27;[0m
  &amp#27;[32mGiven &amp#27;[0m&amp#27;[32mA first number &amp#27;[0m&amp#27;[32m&amp#27;[1m10.5&amp#27;[0m                &amp#27;[90m# hellocucumber.StepDefinitions.a_first_number(java.lang.Double)&amp#27;[0m
  &amp#27;[32mAnd &amp#27;[0m&amp#27;[32mA second number &amp#27;[0m&amp#27;[32m&amp#27;[1m0&amp#27;[0m                    &amp#27;[90m# hellocucumber.StepDefinitions.a_second_number(java.lang.Double)&amp#27;[0m
  &amp#27;[32mWhen &amp#27;[0m&amp#27;[32mI press sum&amp#27;[0m                         &amp#27;[90m# hellocucumber.StepDefinitions.i_press_sum()&amp#27;[0m
  &amp#27;[32mThen &amp#27;[0m&amp#27;[32mthe result should be &amp#27;[0m&amp#27;[32m&amp#27;[1m10.5&amp#27;[0m&amp#27;[32m on screen&amp#27;[0m &amp#27;[90m# hellocucumber.StepDefinitions.the_result_should_be_on_screen(java.lang.Double)&amp#27;[0m
]]></system-out>
  </testcase>
  <testcase name="Example #2" classname="Examples" time="0.008">
    <system-out><![CDATA[
Scenario Outline: Two numbers divided    &amp#27;[90m# hellocucumber/division.feature:33&amp#27;[0m
  &amp#27;[32mGiven &amp#27;[0m&amp#27;[32mA first number &amp#27;[0m&amp#27;[32m&amp#27;[1m2000&amp#27;[0m              &amp#27;[90m# hellocucumber.StepDefinitions.a_first_number(java.lang.Double)&amp#27;[0m
  &amp#27;[32mAnd &amp#27;[0m&amp#27;[32mA second number &amp#27;[0m&amp#27;[32m&amp#27;[1m100&amp#27;[0m                &amp#27;[90m# hellocucumber.StepDefinitions.a_second_number(java.lang.Double)&amp#27;[0m
  &amp#27;[32mWhen &amp#27;[0m&amp#27;[32mI press division&amp#27;[0m                  &amp#27;[90m# hellocucumber.StepDefinitions.i_press_division()&amp#27;[0m
  &amp#27;[32mThen &amp#27;[0m&amp#27;[32mthe result should be &amp#27;[0m&amp#27;[32m&amp#27;[1m20&amp#27;[0m&amp#27;[32m on screen&amp#27;[0m &amp#27;[90m# hellocucumber.StepDefinitions.the_result_should_be_on_screen(java.lang.Double)&amp#27;[0m
]]></system-out>
  </testcase>
  <testcase name="Example #2" classname="Examples" time="0.007">
    <system-out><![CDATA[
Scenario: Is primo?                                           &amp#27;[90m# hellocucumber/esPrimo.feature:32&amp#27;[0m
  &amp#27;[32mGiven &amp#27;[0m&amp#27;[32mA integer number &amp#27;[0m&amp#27;[32m&amp#27;[1m2&amp#27;[0m                                    &amp#27;[90m# hellocucumber.StepDefinitions.a_integer_number(java.lang.Integer)&amp#27;[0m
  &amp#27;[32mWhen &amp#27;[0m&amp#27;[32mI press esPrimo&amp#27;[0m                                        &amp#27;[90m# hellocucumber.StepDefinitions.i_press_es_primo()&amp#27;[0m
  &amp#27;[32mThen &amp#27;[0m&amp#27;[32mthe result for the int number should be true on screen&amp#27;[0m &amp#27;[90m# hellocucumber.StepDefinitions.the_result_for_the_int_number_should_be_true_on_screen()&amp#27;[0m
]]></system-out>
  </testcase>
  <testcase name="Example #2" classname="Examples" time="0.007">
    <system-out><![CDATA[
Scenario: Factorial number              &amp#27;[90m# hellocucumber/factorial.feature:33&amp#27;[0m
  &amp#27;[32mGiven &amp#27;[0m&amp#27;[32mA integer number &amp#27;[0m&amp#27;[32m&amp#27;[1m1&amp#27;[0m              &amp#27;[90m# hellocucumber.StepDefinitions.a_integer_number(java.lang.Integer)&amp#27;[0m
  &amp#27;[32mWhen &amp#27;[0m&amp#27;[32mI press factorial&amp#27;[0m                &amp#27;[90m# hellocucumber.StepDefinitions.i_press_factorial()&amp#27;[0m
  &amp#27;[32mThen &amp#27;[0m&amp#27;[32mthe result should be &amp#27;[0m&amp#27;[32m&amp#27;[1m1&amp#27;[0m&amp#27;[32m on screen&amp#27;[0m &amp#27;[90m# hellocucumber.StepDefinitions.the_result_should_be_on_screen(java.lang.Double)&amp#27;[0m
]]></system-out>
  </testcase>
  <testcase name="Example #2" classname="Examples" time="0.011">
    <system-out><![CDATA[
Scenario Outline: Product of two numbers  &amp#27;[90m# hellocucumber/product.feature:33&amp#27;[0m
  &amp#27;[32mGiven &amp#27;[0m&amp#27;[32mA first number &amp#27;[0m&amp#27;[32m&amp#27;[1m20&amp#27;[0m                 &amp#27;[90m# hellocucumber.StepDefinitions.a_first_number(java.lang.Double)&amp#27;[0m
  &amp#27;[32mAnd &amp#27;[0m&amp#27;[32mA second number &amp#27;[0m&amp#27;[32m&amp#27;[1m5&amp#27;[0m                   &amp#27;[90m# hellocucumber.StepDefinitions.a_second_number(java.lang.Double)&amp#27;[0m
  &amp#27;[32mWhen &amp#27;[0m&amp#27;[32mI press product&amp#27;[0m                    &amp#27;[90m# hellocucumber.StepDefinitions.i_press_product()&amp#27;[0m
  &amp#27;[32mThen &amp#27;[0m&amp#27;[32mthe result should be &amp#27;[0m&amp#27;[32m&amp#27;[1m100&amp#27;[0m&amp#27;[32m on screen&amp#27;[0m &amp#27;[90m# hellocucumber.StepDefinitions.the_result_should_be_on_screen(java.lang.Double)&amp#27;[0m
]]></system-out>
  </testcase>
  <testcase name="Example #2" classname="Examples" time="0.01">
    <system-out><![CDATA[
Scenario Outline: Subtract two numbers     &amp#27;[90m# hellocucumber/subtraction.feature:33&amp#27;[0m
  &amp#27;[32mGiven &amp#27;[0m&amp#27;[32mA first number &amp#27;[0m&amp#27;[32m&amp#27;[1m20&amp#27;[0m                  &amp#27;[90m# hellocucumber.StepDefinitions.a_first_number(java.lang.Double)&amp#27;[0m
  &amp#27;[32mAnd &amp#27;[0m&amp#27;[32mA second number &amp#27;[0m&amp#27;[32m&amp#27;[1m4.5&amp#27;[0m                  &amp#27;[90m# hellocucumber.StepDefinitions.a_second_number(java.lang.Double)&amp#27;[0m
  &amp#27;[32mWhen &amp#27;[0m&amp#27;[32mI press minus&amp#27;[0m                       &amp#27;[90m# hellocucumber.StepDefinitions.i_press_minus()&amp#27;[0m
  &amp#27;[32mThen &amp#27;[0m&amp#27;[32mthe result should be &amp#27;[0m&amp#27;[32m&amp#27;[1m15.5&amp#27;[0m&amp#27;[32m on screen&amp#27;[0m &amp#27;[90m# hellocucumber.StepDefinitions.the_result_should_be_on_screen(java.lang.Double)&amp#27;[0m
]]></system-out>
  </testcase>
  <testcase name="Example #3" classname="Examples" time="0.009">
    <system-out><![CDATA[
Scenario Outline: Add two numbers         &amp#27;[90m# hellocucumber/addition.feature:34&amp#27;[0m
  &amp#27;[32mGiven &amp#27;[0m&amp#27;[32mA first number &amp#27;[0m&amp#27;[32m&amp#27;[1m-2&amp#27;[0m                 &amp#27;[90m# hellocucumber.StepDefinitions.a_first_number(java.lang.Double)&amp#27;[0m
  &amp#27;[32mAnd &amp#27;[0m&amp#27;[32mA second number &amp#27;[0m&amp#27;[32m&amp#27;[1m4.5&amp#27;[0m                 &amp#27;[90m# hellocucumber.StepDefinitions.a_second_number(java.lang.Double)&amp#27;[0m
  &amp#27;[32mWhen &amp#27;[0m&amp#27;[32mI press sum&amp#27;[0m                        &amp#27;[90m# hellocucumber.StepDefinitions.i_press_sum()&amp#27;[0m
  &amp#27;[32mThen &amp#27;[0m&amp#27;[32mthe result should be &amp#27;[0m&amp#27;[32m&amp#27;[1m2.5&amp#27;[0m&amp#27;[32m on screen&amp#27;[0m &amp#27;[90m# hellocucumber.StepDefinitions.the_result_should_be_on_screen(java.lang.Double)&amp#27;[0m
]]></system-out>
  </testcase>
  <testcase name="Example #3" classname="Examples" time="0.009">
    <system-out><![CDATA[
Scenario Outline: Two numbers divided   &amp#27;[90m# hellocucumber/division.feature:34&amp#27;[0m
  &amp#27;[32mGiven &amp#27;[0m&amp#27;[32mA first number &amp#27;[0m&amp#27;[32m&amp#27;[1m0&amp#27;[0m                &amp#27;[90m# hellocucumber.StepDefinitions.a_first_number(java.lang.Double)&amp#27;[0m
  &amp#27;[32mAnd &amp#27;[0m&amp#27;[32mA second number &amp#27;[0m&amp#27;[32m&amp#27;[1m2&amp#27;[0m                 &amp#27;[90m# hellocucumber.StepDefinitions.a_second_number(java.lang.Double)&amp#27;[0m
  &amp#27;[32mWhen &amp#27;[0m&amp#27;[32mI press division&amp#27;[0m                 &amp#27;[90m# hellocucumber.StepDefinitions.i_press_division()&amp#27;[0m
  &amp#27;[32mThen &amp#27;[0m&amp#27;[32mthe result should be &amp#27;[0m&amp#27;[32m&amp#27;[1m0&amp#27;[0m&amp#27;[32m on screen&amp#27;[0m &amp#27;[90m# hellocucumber.StepDefinitions.the_result_should_be_on_screen(java.lang.Double)&amp#27;[0m
]]></system-out>
  </testcase>
  <testcase name="Example #3" classname="Examples" time="0.008">
    <system-out><![CDATA[
Scenario: Is primo?                                            &amp#27;[90m# hellocucumber/esPrimo.feature:33&amp#27;[0m
  &amp#27;[32mGiven &amp#27;[0m&amp#27;[32mA integer number &amp#27;[0m&amp#27;[32m&amp#27;[1m6&amp#27;[0m                                     &amp#27;[90m# hellocucumber.StepDefinitions.a_integer_number(java.lang.Integer)&amp#27;[0m
  &amp#27;[32mWhen &amp#27;[0m&amp#27;[32mI press esPrimo&amp#27;[0m                                         &amp#27;[90m# hellocucumber.StepDefinitions.i_press_es_primo()&amp#27;[0m
  &amp#27;[32mThen &amp#27;[0m&amp#27;[32mthe result for the int number should be false on screen&amp#27;[0m &amp#27;[90m# hellocucumber.StepDefinitions.the_result_for_the_int_number_should_be_false_on_screen()&amp#27;[0m
]]></system-out>
  </testcase>
  <testcase name="Example #3" classname="Examples" time="0.012">
    <system-out><![CDATA[
Scenario: Factorial number                &amp#27;[90m# hellocucumber/factorial.feature:34&amp#27;[0m
  &amp#27;[32mGiven &amp#27;[0m&amp#27;[32mA integer number &amp#27;[0m&amp#27;[32m&amp#27;[1m5&amp#27;[0m                &amp#27;[90m# hellocucumber.StepDefinitions.a_integer_number(java.lang.Integer)&amp#27;[0m
  &amp#27;[32mWhen &amp#27;[0m&amp#27;[32mI press factorial&amp#27;[0m                  &amp#27;[90m# hellocucumber.StepDefinitions.i_press_factorial()&amp#27;[0m
  &amp#27;[32mThen &amp#27;[0m&amp#27;[32mthe result should be &amp#27;[0m&amp#27;[32m&amp#27;[1m120&amp#27;[0m&amp#27;[32m on screen&amp#27;[0m &amp#27;[90m# hellocucumber.StepDefinitions.the_result_should_be_on_screen(java.lang.Double)&amp#27;[0m
]]></system-out>
  </testcase>
  <testcase name="Example #3" classname="Examples" time="0.02">
    <system-out><![CDATA[
Scenario Outline: Product of two numbers &amp#27;[90m# hellocucumber/product.feature:34&amp#27;[0m
  &amp#27;[32mGiven &amp#27;[0m&amp#27;[32mA first number &amp#27;[0m&amp#27;[32m&amp#27;[1m0&amp#27;[0m                 &amp#27;[90m# hellocucumber.StepDefinitions.a_first_number(java.lang.Double)&amp#27;[0m
  &amp#27;[32mAnd &amp#27;[0m&amp#27;[32mA second number &amp#27;[0m&amp#27;[32m&amp#27;[1m120&amp#27;[0m                &amp#27;[90m# hellocucumber.StepDefinitions.a_second_number(java.lang.Double)&amp#27;[0m
  &amp#27;[32mWhen &amp#27;[0m&amp#27;[32mI press product&amp#27;[0m                   &amp#27;[90m# hellocucumber.StepDefinitions.i_press_product()&amp#27;[0m
  &amp#27;[32mThen &amp#27;[0m&amp#27;[32mthe result should be &amp#27;[0m&amp#27;[32m&amp#27;[1m0&amp#27;[0m&amp#27;[32m on screen&amp#27;[0m  &amp#27;[90m# hellocucumber.StepDefinitions.the_result_should_be_on_screen(java.lang.Double)&amp#27;[0m
]]></system-out>
  </testcase>
  <testcase name="Example #3" classname="Examples" time="0.006">
    <system-out><![CDATA[
Scenario Outline: Subtract two numbers     &amp#27;[90m# hellocucumber/subtraction.feature:34&amp#27;[0m
  &amp#27;[32mGiven &amp#27;[0m&amp#27;[32mA first number &amp#27;[0m&amp#27;[32m&amp#27;[1m20.5&amp#27;[0m                &amp#27;[90m# hellocucumber.StepDefinitions.a_first_number(java.lang.Double)&amp#27;[0m
  &amp#27;[32mAnd &amp#27;[0m&amp#27;[32mA second number &amp#27;[0m&amp#27;[32m&amp#27;[1m-4&amp#27;[0m                   &amp#27;[90m# hellocucumber.StepDefinitions.a_second_number(java.lang.Double)&amp#27;[0m
  &amp#27;[32mWhen &amp#27;[0m&amp#27;[32mI press minus&amp#27;[0m                       &amp#27;[90m# hellocucumber.StepDefinitions.i_press_minus()&amp#27;[0m
  &amp#27;[32mThen &amp#27;[0m&amp#27;[32mthe result should be &amp#27;[0m&amp#27;[32m&amp#27;[1m24.5&amp#27;[0m&amp#27;[32m on screen&amp#27;[0m &amp#27;[90m# hellocucumber.StepDefinitions.the_result_should_be_on_screen(java.lang.Double)&amp#27;[0m
]]></system-out>
  </testcase>
  <testcase name="Example #4" classname="Examples" time="0.007">
    <system-out><![CDATA[
Scenario Outline: Add two numbers          &amp#27;[90m# hellocucumber/addition.feature:35&amp#27;[0m
  &amp#27;[32mGiven &amp#27;[0m&amp#27;[32mA first number &amp#27;[0m&amp#27;[32m&amp#27;[1m0&amp#27;[0m                   &amp#27;[90m# hellocucumber.StepDefinitions.a_first_number(java.lang.Double)&amp#27;[0m
  &amp#27;[32mAnd &amp#27;[0m&amp#27;[32mA second number &amp#27;[0m&amp#27;[32m&amp#27;[1m-4.5&amp#27;[0m                 &amp#27;[90m# hellocucumber.StepDefinitions.a_second_number(java.lang.Double)&amp#27;[0m
  &amp#27;[32mWhen &amp#27;[0m&amp#27;[32mI press sum&amp#27;[0m                         &amp#27;[90m# hellocucumber.StepDefinitions.i_press_sum()&amp#27;[0m
  &amp#27;[32mThen &amp#27;[0m&amp#27;[32mthe result should be &amp#27;[0m&amp#27;[32m&amp#27;[1m-4.5&amp#27;[0m&amp#27;[32m on screen&amp#27;[0m &amp#27;[90m# hellocucumber.StepDefinitions.the_result_should_be_on_screen(java.lang.Double)&amp#27;[0m
]]></system-out>
  </testcase>
  <testcase name="Example #4" classname="Examples" time="0.013">
    <system-out><![CDATA[
Scenario Outline: Product of two numbers    &amp#27;[90m# hellocucumber/product.feature:35&amp#27;[0m
  &amp#27;[32mGiven &amp#27;[0m&amp#27;[32mA first number &amp#27;[0m&amp#27;[32m&amp#27;[1m100&amp#27;[0m                  &amp#27;[90m# hellocucumber.StepDefinitions.a_first_number(java.lang.Double)&amp#27;[0m
  &amp#27;[32mAnd &amp#27;[0m&amp#27;[32mA second number &amp#27;[0m&amp#27;[32m&amp#27;[1m100&amp#27;[0m                   &amp#27;[90m# hellocucumber.StepDefinitions.a_second_number(java.lang.Double)&amp#27;[0m
  &amp#27;[32mWhen &amp#27;[0m&amp#27;[32mI press product&amp#27;[0m                      &amp#27;[90m# hellocucumber.StepDefinitions.i_press_product()&amp#27;[0m
  &amp#27;[32mThen &amp#27;[0m&amp#27;[32mthe result should be &amp#27;[0m&amp#27;[32m&amp#27;[1m10000&amp#27;[0m&amp#27;[32m on screen&amp#27;[0m &amp#27;[90m# hellocucumber.StepDefinitions.the_result_should_be_on_screen(java.lang.Double)&amp#27;[0m
]]></system-out>
  </testcase>
  <testcase name="Example #4" classname="Examples" time="0.006">
    <system-out><![CDATA[
Scenario Outline: Subtract two numbers   &amp#27;[90m# hellocucumber/subtraction.feature:35&amp#27;[0m
  &amp#27;[32mGiven &amp#27;[0m&amp#27;[32mA first number &amp#27;[0m&amp#27;[32m&amp#27;[1m20.5&amp#27;[0m              &amp#27;[90m# hellocucumber.StepDefinitions.a_first_number(java.lang.Double)&amp#27;[0m
  &amp#27;[32mAnd &amp#27;[0m&amp#27;[32mA second number &amp#27;[0m&amp#27;[32m&amp#27;[1m10.5&amp#27;[0m               &amp#27;[90m# hellocucumber.StepDefinitions.a_second_number(java.lang.Double)&amp#27;[0m
  &amp#27;[32mWhen &amp#27;[0m&amp#27;[32mI press minus&amp#27;[0m                     &amp#27;[90m# hellocucumber.StepDefinitions.i_press_minus()&amp#27;[0m
  &amp#27;[32mThen &amp#27;[0m&amp#27;[32mthe result should be &amp#27;[0m&amp#27;[32m&amp#27;[1m10&amp#27;[0m&amp#27;[32m on screen&amp#27;[0m &amp#27;[90m# hellocucumber.StepDefinitions.the_result_should_be_on_screen(java.lang.Double)&amp#27;[0m
]]></system-out>
  </testcase>
  <testcase name="Add infinite numbers" classname="Calculator addition" time="0.007">
    <system-out><![CDATA[
Scenario: Add infinite numbers                   &amp#27;[90m# hellocucumber/addition.feature:37&amp#27;[0m
  &amp#27;[32mWhen &amp#27;[0m&amp#27;[32mI add two infinite numbers&amp#27;[0m                &amp#27;[90m# hellocucumber.StepDefinitions.i_add_two_infinite_numbers()&amp#27;[0m
  &amp#27;[32mThen &amp#27;[0m&amp#27;[32mtest should thrown an ArithmeticException&amp#27;[0m &amp#27;[90m# hellocucumber.StepDefinitions.test_should_thrown_an_arithmetic_exception()&amp#27;[0m
]]></system-out>
  </testcase>
  <testcase name="Number divided by zero" classname="Calculator division" time="0.009">
    <system-out><![CDATA[
Scenario: Number divided by zero                 &amp#27;[90m# hellocucumber/division.feature:37&amp#27;[0m
  &amp#27;[32mWhen &amp#27;[0m&amp#27;[32mI divide a number by zero&amp#27;[0m                 &amp#27;[90m# hellocucumber.StepDefinitions.i_divide_a_number_by_zero()&amp#27;[0m
  &amp#27;[32mThen &amp#27;[0m&amp#27;[32mtest should thrown an ArithmeticException&amp#27;[0m &amp#27;[90m# hellocucumber.StepDefinitions.test_should_thrown_an_arithmetic_exception()&amp#27;[0m
]]></system-out>
  </testcase>
  <testcase name="Factorial of huge numbers" classname="Calculator factorial" time="0.009">
    <system-out><![CDATA[
Scenario: Factorial of huge numbers                       &amp#27;[90m# hellocucumber/factorial.feature:37&amp#27;[0m
  &amp#27;[32mWhen &amp#27;[0m&amp#27;[32mI try to test the factorial for a number > sixteen&amp#27;[0m &amp#27;[90m# hellocucumber.StepDefinitions.i_try_to_test_the_factorial_for_a_number_thirteen()&amp#27;[0m
  &amp#27;[32mThen &amp#27;[0m&amp#27;[32mtest should thrown an ArithmeticException&amp#27;[0m          &amp#27;[90m# hellocucumber.StepDefinitions.test_should_thrown_an_arithmetic_exception()&amp#27;[0m
]]></system-out>
  </testcase>
  <testcase name="Product of infinite numbers" classname="Calculator product" time="0.006">
    <system-out><![CDATA[
Scenario: Product of infinite numbers            &amp#27;[90m# hellocucumber/product.feature:37&amp#27;[0m
  &amp#27;[32mWhen &amp#27;[0m&amp#27;[32mI multiply two infinite numbers&amp#27;[0m           &amp#27;[90m# hellocucumber.StepDefinitions.i_multiply_two_infinite_numbers()&amp#27;[0m
  &amp#27;[32mThen &amp#27;[0m&amp#27;[32mtest should thrown an ArithmeticException&amp#27;[0m &amp#27;[90m# hellocucumber.StepDefinitions.test_should_thrown_an_arithmetic_exception()&amp#27;[0m
]]></system-out>
  </testcase>
  <testcase name="Subtract infinite numbers" classname="Calculator subtraction" time="0.003">
    <system-out><![CDATA[
Scenario: Subtract infinite numbers              &amp#27;[90m# hellocucumber/subtraction.feature:37&amp#27;[0m
  &amp#27;[32mWhen &amp#27;[0m&amp#27;[32mI subtract two infinite numbers&amp#27;[0m           &amp#27;[90m# hellocucumber.StepDefinitions.i_subtract_two_infinite_numbers()&amp#27;[0m
  &amp#27;[32mThen &amp#27;[0m&amp#27;[32mtest should thrown an ArithmeticException&amp#27;[0m &amp#27;[90m# hellocucumber.StepDefinitions.test_should_thrown_an_arithmetic_exception()&amp#27;[0m
]]></system-out>
  </testcase>
</testsuite>